c:\documents and settings\song tang\my documents\visual studio 2010\projects\exceldriver\exceldriver\debug\exceldriver.pch
c:\documents and settings\song tang\my documents\visual studio 2010\projects\exceldriver\exceldriver\debug\stdafx.obj
c:\documents and settings\song tang\my documents\visual studio 2010\projects\exceldriver\exceldriver\debug\vc100.pdb
c:\documents and settings\song tang\my documents\visual studio 2010\projects\exceldriver\exceldriver\debug\exceldriver.obj
c:\documents and settings\song tang\my documents\visual studio 2010\projects\exceldriver\exceldriver\debug\testmatrixexcel.obj
c:\documents and settings\song tang\my documents\visual studio 2010\projects\exceldriver\exceldriver\debug\excelimports.obj
c:\documents and settings\song tang\my documents\visual studio 2010\projects\exceldriver\exceldriver\debug\datasimexception.obj
c:\documents and settings\song tang\my documents\visual studio 2010\projects\exceldriver\exceldriver\debug\stringconversions.obj
c:\documents and settings\song tang\my documents\visual studio 2010\projects\exceldriver\exceldriver\debug\excelmechanisms.obj
c:\documents and settings\song tang\my documents\visual studio 2010\projects\exceldriver\exceldriver\debug\testtensorexcel.obj
c:\documents and settings\song tang\my documents\visual studio 2010\projects\exceldriver\exceldriver\debug\testchartstructure.obj
c:\documents and settings\song tang\my documents\visual studio 2010\projects\exceldriver\exceldriver\debug\testexceptionsexcel.obj
c:\documents and settings\song tang\my documents\visual studio 2010\projects\exceldriver\debug\exceldriver.ilk
c:\documents and settings\song tang\my documents\visual studio 2010\projects\exceldriver\debug\exceldriver.exe
c:\documents and settings\song tang\my documents\visual studio 2010\projects\exceldriver\exceldriver\debug\exceldriver.exe.intermediate.manifest
c:\documents and settings\song tang\my documents\visual studio 2010\projects\exceldriver\debug\exceldriver.pdb
c:\documents and settings\song tang\my documents\visual studio 2010\projects\exceldriver\exceldriver\debug\exceldriver.exe.embed.manifest
c:\documents and settings\song tang\my documents\visual studio 2010\projects\exceldriver\exceldriver\debug\exceldriver.exe.embed.manifest.res
c:\users\apple\desktop\project\project\project\debug\project.pch
c:\users\apple\desktop\project\project\project\debug\vc141.pdb
c:\users\apple\desktop\project\project\project\debug\vc141.idb
c:\users\apple\desktop\project\project\project\debug\stdafx.obj
c:\users\apple\desktop\project\project\project\debug\classify.obj
c:\users\apple\desktop\project\project\project\debug\stringconversions.obj
c:\users\apple\desktop\project\project\project\debug\datasimexception.obj
c:\users\apple\desktop\project\project\project\debug\helper.obj
c:\users\apple\desktop\project\project\project\debug\stock.obj
c:\users\apple\desktop\project\project\project\debug\exceldriver.obj
c:\users\apple\desktop\project\project\project\debug\excelimports.obj
c:\users\apple\desktop\project\project\project\debug\excelmechanisms.obj
c:\users\apple\desktop\project\project\project\debug\main.obj
c:\users\apple\desktop\project\project\debug\project.exe
c:\users\apple\desktop\project\project\debug\project.ilk
c:\users\apple\desktop\project\project\debug\project.pdb
c:\raymond\nyu tandon\internship\project\googlefinancewebspider\project\project\debug\classify.obj
c:\raymond\nyu tandon\internship\project\googlefinancewebspider\project\project\debug\datasimexception.obj
c:\raymond\nyu tandon\internship\project\googlefinancewebspider\project\project\debug\exceldriver.obj
c:\raymond\nyu tandon\internship\project\googlefinancewebspider\project\project\debug\excelimports.obj
c:\raymond\nyu tandon\internship\project\googlefinancewebspider\project\project\debug\excelmechanisms.obj
c:\raymond\nyu tandon\internship\project\googlefinancewebspider\project\project\debug\helper.obj
c:\raymond\nyu tandon\internship\project\googlefinancewebspider\project\project\debug\main.obj
c:\raymond\nyu tandon\internship\project\googlefinancewebspider\project\project\debug\stdafx.obj
c:\raymond\nyu tandon\internship\project\googlefinancewebspider\project\project\debug\stock.obj
c:\raymond\nyu tandon\internship\project\googlefinancewebspider\project\project\debug\stringconversions.obj
c:\raymond\nyu tandon\internship\project\googlefinancewebspider\project\project\debug\testchartstructure.obj
c:\raymond\nyu tandon\internship\project\googlefinancewebspider\project\project\debug\testexceptionsexcel.obj
c:\raymond\nyu tandon\internship\project\googlefinancewebspider\project\project\debug\testmatrixexcel.obj
c:\raymond\nyu tandon\internship\project\googlefinancewebspider\project\project\debug\testtensorexcel.obj
c:\raymond\nyu tandon\internship\project\googlefinancewebspider\project\project\debug\excelimports.obj.enc
c:\raymond\nyu tandon\internship\project\googlefinancewebspider\project\project\debug\main.obj.enc
c:\raymond\nyu tandon\internship\project\googlefinancewebspider\project\project\debug\project.obj.enc
c:\raymond\nyu tandon\internship\project\googlefinancewebspider\project\project\debug\stock.obj.enc
c:\raymond\nyu tandon\internship\project\googlefinancewebspider\project\project\debug\excel.tli
c:\raymond\nyu tandon\internship\project\googlefinancewebspider\project\project\debug\mso.tli
c:\raymond\nyu tandon\internship\project\googlefinancewebspider\project\project\debug\vbe6ext.tli
c:\raymond\nyu tandon\internship\project\googlefinancewebspider\project\project\debug\excel.tlh
c:\raymond\nyu tandon\internship\project\googlefinancewebspider\project\project\debug\mso.tlh
c:\raymond\nyu tandon\internship\project\googlefinancewebspider\project\project\debug\vbe6ext.tlh
c:\raymond\nyu tandon\internship\project\googlefinancewebspider\project\project\debug\cl.command.1.tlog
c:\raymond\nyu tandon\internship\project\googlefinancewebspider\project\project\debug\cl.read.1.tlog
c:\raymond\nyu tandon\internship\project\googlefinancewebspider\project\project\debug\cl.write.1.tlog
c:\raymond\nyu tandon\internship\project\googlefinancewebspider\project\project\debug\link-cvtres.read.1.tlog
c:\raymond\nyu tandon\internship\project\googlefinancewebspider\project\project\debug\link-cvtres.write.1.tlog
c:\raymond\nyu tandon\internship\project\googlefinancewebspider\project\project\debug\link.2776-cvtres.read.1.tlog
c:\raymond\nyu tandon\internship\project\googlefinancewebspider\project\project\debug\link.2776-cvtres.write.1.tlog
c:\raymond\nyu tandon\internship\project\googlefinancewebspider\project\project\debug\link.2776.read.1.tlog
c:\raymond\nyu tandon\internship\project\googlefinancewebspider\project\project\debug\link.2776.write.1.tlog
c:\raymond\nyu tandon\internship\project\googlefinancewebspider\project\project\debug\link.3112-cvtres.read.1.tlog
c:\raymond\nyu tandon\internship\project\googlefinancewebspider\project\project\debug\link.3112-cvtres.write.1.tlog
c:\raymond\nyu tandon\internship\project\googlefinancewebspider\project\project\debug\link.3112.read.1.tlog
c:\raymond\nyu tandon\internship\project\googlefinancewebspider\project\project\debug\link.3112.write.1.tlog
c:\raymond\nyu tandon\internship\project\googlefinancewebspider\project\project\debug\link.3924-cvtres.read.1.tlog
c:\raymond\nyu tandon\internship\project\googlefinancewebspider\project\project\debug\link.3924-cvtres.write.1.tlog
c:\raymond\nyu tandon\internship\project\googlefinancewebspider\project\project\debug\link.3924.read.1.tlog
c:\raymond\nyu tandon\internship\project\googlefinancewebspider\project\project\debug\link.3924.write.1.tlog
c:\raymond\nyu tandon\internship\project\googlefinancewebspider\project\project\debug\link.4956-cvtres.read.1.tlog
c:\raymond\nyu tandon\internship\project\googlefinancewebspider\project\project\debug\link.4956-cvtres.write.1.tlog
c:\raymond\nyu tandon\internship\project\googlefinancewebspider\project\project\debug\link.4956.read.1.tlog
c:\raymond\nyu tandon\internship\project\googlefinancewebspider\project\project\debug\link.4956.write.1.tlog
c:\raymond\nyu tandon\internship\project\googlefinancewebspider\project\project\debug\link.5240-cvtres.read.1.tlog
c:\raymond\nyu tandon\internship\project\googlefinancewebspider\project\project\debug\link.5240-cvtres.write.1.tlog
c:\raymond\nyu tandon\internship\project\googlefinancewebspider\project\project\debug\link.5240.read.1.tlog
c:\raymond\nyu tandon\internship\project\googlefinancewebspider\project\project\debug\link.5240.write.1.tlog
c:\raymond\nyu tandon\internship\project\googlefinancewebspider\project\project\debug\link.5268-cvtres.read.1.tlog
c:\raymond\nyu tandon\internship\project\googlefinancewebspider\project\project\debug\link.5268-cvtres.write.1.tlog
c:\raymond\nyu tandon\internship\project\googlefinancewebspider\project\project\debug\link.5268.read.1.tlog
c:\raymond\nyu tandon\internship\project\googlefinancewebspider\project\project\debug\link.5268.write.1.tlog
c:\raymond\nyu tandon\internship\project\googlefinancewebspider\project\project\debug\link.5808-cvtres.read.1.tlog
c:\raymond\nyu tandon\internship\project\googlefinancewebspider\project\project\debug\link.5808-cvtres.write.1.tlog
c:\raymond\nyu tandon\internship\project\googlefinancewebspider\project\project\debug\link.5808.read.1.tlog
c:\raymond\nyu tandon\internship\project\googlefinancewebspider\project\project\debug\link.5808.write.1.tlog
c:\raymond\nyu tandon\internship\project\googlefinancewebspider\project\project\debug\link.6536-cvtres.read.1.tlog
c:\raymond\nyu tandon\internship\project\googlefinancewebspider\project\project\debug\link.6536-cvtres.write.1.tlog
c:\raymond\nyu tandon\internship\project\googlefinancewebspider\project\project\debug\link.6536.read.1.tlog
c:\raymond\nyu tandon\internship\project\googlefinancewebspider\project\project\debug\link.6536.write.1.tlog
c:\raymond\nyu tandon\internship\project\googlefinancewebspider\project\project\debug\link.7156-cvtres.read.1.tlog
c:\raymond\nyu tandon\internship\project\googlefinancewebspider\project\project\debug\link.7156-cvtres.write.1.tlog
c:\raymond\nyu tandon\internship\project\googlefinancewebspider\project\project\debug\link.7156.read.1.tlog
c:\raymond\nyu tandon\internship\project\googlefinancewebspider\project\project\debug\link.7156.write.1.tlog
c:\raymond\nyu tandon\internship\project\googlefinancewebspider\project\project\debug\link.7400-cvtres.read.1.tlog
c:\raymond\nyu tandon\internship\project\googlefinancewebspider\project\project\debug\link.7400-cvtres.write.1.tlog
c:\raymond\nyu tandon\internship\project\googlefinancewebspider\project\project\debug\link.7400.read.1.tlog
c:\raymond\nyu tandon\internship\project\googlefinancewebspider\project\project\debug\link.7400.write.1.tlog
c:\raymond\nyu tandon\internship\project\googlefinancewebspider\project\project\debug\link.7440-cvtres.read.1.tlog
c:\raymond\nyu tandon\internship\project\googlefinancewebspider\project\project\debug\link.7440-cvtres.write.1.tlog
c:\raymond\nyu tandon\internship\project\googlefinancewebspider\project\project\debug\link.7440.read.1.tlog
c:\raymond\nyu tandon\internship\project\googlefinancewebspider\project\project\debug\link.7440.write.1.tlog
c:\raymond\nyu tandon\internship\project\googlefinancewebspider\project\project\debug\link.7540-cvtres.read.1.tlog
c:\raymond\nyu tandon\internship\project\googlefinancewebspider\project\project\debug\link.7540-cvtres.write.1.tlog
c:\raymond\nyu tandon\internship\project\googlefinancewebspider\project\project\debug\link.7540.read.1.tlog
c:\raymond\nyu tandon\internship\project\googlefinancewebspider\project\project\debug\link.7540.write.1.tlog
c:\raymond\nyu tandon\internship\project\googlefinancewebspider\project\project\debug\link.8116-cvtres.read.1.tlog
c:\raymond\nyu tandon\internship\project\googlefinancewebspider\project\project\debug\link.8116-cvtres.write.1.tlog
c:\raymond\nyu tandon\internship\project\googlefinancewebspider\project\project\debug\link.8116.read.1.tlog
c:\raymond\nyu tandon\internship\project\googlefinancewebspider\project\project\debug\link.8116.write.1.tlog
c:\raymond\nyu tandon\internship\project\googlefinancewebspider\project\project\debug\link.command.1.tlog
c:\raymond\nyu tandon\internship\project\googlefinancewebspider\project\project\debug\link.read.1.tlog
c:\raymond\nyu tandon\internship\project\googlefinancewebspider\project\project\debug\link.write.1.tlog
c:\raymond\nyu tandon\internship\project\googlefinancewebspider\project\project\debug\mt.command.1.tlog
c:\raymond\nyu tandon\internship\project\googlefinancewebspider\project\project\debug\mt.read.1.tlog
c:\raymond\nyu tandon\internship\project\googlefinancewebspider\project\project\debug\mt.write.1.tlog
c:\raymond\nyu tandon\internship\project\googlefinancewebspider\project\project\debug\rc.command.1.tlog
c:\raymond\nyu tandon\internship\project\googlefinancewebspider\project\project\debug\rc.read.1.tlog
c:\raymond\nyu tandon\internship\project\googlefinancewebspider\project\project\debug\rc.write.1.tlog
c:\raymond\nyu tandon\internship\project\googlefinancewebspider\project\project\debug\exceldriver.exe.embed.manifest
c:\raymond\nyu tandon\internship\project\googlefinancewebspider\project\project\debug\exceldriver.exe.intermediate.manifest
c:\raymond\nyu tandon\internship\project\googlefinancewebspider\project\project\debug\exceldriver.exe.embed.manifest.res
c:\raymond\nyu tandon\internship\project\googlefinancewebspider\project\project\debug\exceldriver.pch
c:\raymond\nyu tandon\internship\project\googlefinancewebspider\project\project\debug\project.pch
c:\raymond\nyu tandon\internship\project\googlefinancewebspider\project\project\debug\vc100.idb
c:\raymond\nyu tandon\internship\project\googlefinancewebspider\project\project\debug\vc141.idb
c:\raymond\nyu tandon\internship\project\googlefinancewebspider\project\project\debug\vc100.pdb
c:\raymond\nyu tandon\internship\project\googlefinancewebspider\project\project\debug\vc141.pdb
c:\raymond\nyu tandon\internship\project\googlefinancewebspider\project\project\debug\exceldriver_manifest.rc
c:\raymond\nyu tandon\internship\project\googlefinancewebspider\project\debug\project.pdb
c:\raymond\nyu tandon\internship\project\googlefinancewebspider\project\debug\project.exe
c:\raymond\nyu tandon\internship\project\googlefinancewebspider\project\debug\project.ilk
c:\raymond\nyu tandon\internship\project\googlefinancewebspider\project\project\debug\project.tlog\cl.command.1.tlog
c:\raymond\nyu tandon\internship\project\googlefinancewebspider\project\project\debug\project.tlog\cl.read.1.tlog
c:\raymond\nyu tandon\internship\project\googlefinancewebspider\project\project\debug\project.tlog\cl.write.1.tlog
c:\raymond\nyu tandon\internship\project\googlefinancewebspider\project\project\debug\project.tlog\link.command.1.tlog
c:\raymond\nyu tandon\internship\project\googlefinancewebspider\project\project\debug\project.tlog\link.read.1.tlog
c:\raymond\nyu tandon\internship\project\googlefinancewebspider\project\project\debug\project.tlog\link.write.1.tlog
